#
# There is insufficient memory for the Java Runtime Environment to continue.
# Native memory allocation (malloc) failed to allocate 946416 bytes. Error detail: Chunk::new
# Possible reasons:
#   The system is out of physical RAM or swap space
#   This process is running with CompressedOops enabled, and the Java Heap may be blocking the growth of the native heap
# Possible solutions:
#   Reduce memory load on the system
#   Increase physical memory or swap space
#   Check if swap backing store is full
#   Decrease Java heap size (-Xmx/-Xms)
#   Decrease number of Java threads
#   Decrease Java thread stack sizes (-Xss)
#   Set larger code cache with -XX:ReservedCodeCacheSize=
#   JVM is running with Zero Based Compressed Oops mode in which the Java heap is
#     placed in the first 32GB address space. The Java Heap base address is the
#     maximum limit for the native heap growth. Please use -XX:HeapBaseMinAddress
#     to set the Java Heap base and to place the Java Heap above 32GB virtual address.
# This output file may be truncated or incomplete.
#
#  Out of Memory Error (arena.cpp:191), pid=30012, tid=33420
#
# JRE version: OpenJDK Runtime Environment Corretto-17.0.14.7.1 (17.0.14+7) (build 17.0.14+7-LTS)
# Java VM: OpenJDK 64-Bit Server VM Corretto-17.0.14.7.1 (17.0.14+7-LTS, mixed mode, sharing, tiered, compressed oops, compressed class ptrs, g1 gc, windows-amd64)
# No core dump will be written. Minidumps are not enabled by default on client versions of Windows
#

---------------  S U M M A R Y ------------

Command Line: -Ddebugger.agent.enable.coroutines=true -Dkotlinx.coroutines.debug.enable.creation.stack.trace=false -agentlib:jdwp=transport=dt_socket,server=n,suspend=y,address=127.0.0.1:56818 -javaagent:C:\Users\fernando.santos\AppData\Local\JetBrains\IdeaIC2024.2\captureAgent\debugger-agent.jar=file:/C:/Users/fernando.santos/AppData/Local/Temp/capture.props -Dfile.encoding=UTF-8 -Duser.country=BR -Duser.language=pt -Duser.variant br.com.microservices.listenerMongoDB.orderservice.OrderServiceApplication

Host: Intel(R) Core(TM) i5-7400T CPU @ 2.40GHz, 4 cores, 15G,  Windows 10 , 64 bit Build 19041 (10.0.19041.2913)
Time: Mon Apr 28 13:11:32 2025 Hora Padrão de Montevidéu elapsed time: 20.270022 seconds (0d 0h 0m 20s)

---------------  T H R E A D  ---------------

Current thread (0x0000019eb7f0c0a0):  JavaThread "C2 CompilerThread0" daemon [_thread_in_native, id=33420, stack(0x00000006b5b00000,0x00000006b5c00000)]


Current CompileTask:
C2:  20270 4314 % !   4       io.github.classgraph.ClasspathElementZip::open @ 583 (1079 bytes)

Stack: [0x00000006b5b00000,0x00000006b5c00000]
Native frames: (J=compiled Java code, j=interpreted, Vv=VM code, C=native code)
V  [jvm.dll+0x681069]
V  [jvm.dll+0x838cca]
V  [jvm.dll+0x83a78e]
V  [jvm.dll+0x83adf3]
V  [jvm.dll+0x24826f]
V  [jvm.dll+0xac9f4]
V  [jvm.dll+0xad03c]
V  [jvm.dll+0x3678e2]
V  [jvm.dll+0x331cda]
V  [jvm.dll+0x33117a]
V  [jvm.dll+0x21a7b1]
V  [jvm.dll+0x219bf1]
V  [jvm.dll+0x1a599d]
V  [jvm.dll+0x22994d]
V  [jvm.dll+0x227adc]
V  [jvm.dll+0x7edb77]
V  [jvm.dll+0x7e7f6c]
V  [jvm.dll+0x67ff37]
C  [ucrtbase.dll+0x21bb2]
C  [KERNEL32.DLL+0x17614]
C  [ntdll.dll+0x526a1]


---------------  P R O C E S S  ---------------

Threads class SMR info:
_java_thread_list=0x0000019e812345a0, length=28, elements={
0x0000019e959c7a00, 0x0000019eb7ee0b80, 0x0000019eb7ee2750, 0x0000019eb7ef9430,
0x0000019eb7ef9ff0, 0x0000019eb7efc9c0, 0x0000019eb7efd380, 0x0000019eb7f0c0a0,
0x0000019eb7f0ffa0, 0x0000019eb7f19170, 0x0000019eb8277480, 0x0000019eb841a1b0,
0x0000019eb83ab000, 0x0000019eb83af630, 0x0000019eb83e7840, 0x0000019eb8b636e0,
0x0000019eb89db320, 0x0000019eb7eefa40, 0x0000019eb7ef0970, 0x0000019efeeb7690,
0x0000019efeeb1b70, 0x0000019efeeb4e10, 0x0000019efeeb2aa0, 0x0000019efeeb39d0,
0x0000019efeeb2fb0, 0x0000019efeeb7ba0, 0x0000019efeeb6760, 0x0000019efeeb5320
}

Java Threads: ( => current thread )
  0x0000019e959c7a00 JavaThread "main" [_thread_blocked, id=40704, stack(0x00000006b4e00000,0x00000006b4f00000)]
  0x0000019eb7ee0b80 JavaThread "Reference Handler" daemon [_thread_blocked, id=37804, stack(0x00000006b5500000,0x00000006b5600000)]
  0x0000019eb7ee2750 JavaThread "Finalizer" daemon [_thread_blocked, id=42756, stack(0x00000006b5600000,0x00000006b5700000)]
  0x0000019eb7ef9430 JavaThread "Signal Dispatcher" daemon [_thread_blocked, id=38676, stack(0x00000006b5700000,0x00000006b5800000)]
  0x0000019eb7ef9ff0 JavaThread "Attach Listener" daemon [_thread_blocked, id=42488, stack(0x00000006b5800000,0x00000006b5900000)]
  0x0000019eb7efc9c0 JavaThread "Service Thread" daemon [_thread_blocked, id=34984, stack(0x00000006b5900000,0x00000006b5a00000)]
  0x0000019eb7efd380 JavaThread "Monitor Deflation Thread" daemon [_thread_blocked, id=40400, stack(0x00000006b5a00000,0x00000006b5b00000)]
=>0x0000019eb7f0c0a0 JavaThread "C2 CompilerThread0" daemon [_thread_in_native, id=33420, stack(0x00000006b5b00000,0x00000006b5c00000)]
  0x0000019eb7f0ffa0 JavaThread "C1 CompilerThread0" daemon [_thread_blocked, id=42864, stack(0x00000006b5c00000,0x00000006b5d00000)]
  0x0000019eb7f19170 JavaThread "Sweeper thread" daemon [_thread_blocked, id=42412, stack(0x00000006b5d00000,0x00000006b5e00000)]
  0x0000019eb8277480 JavaThread "Common-Cleaner" daemon [_thread_blocked, id=38020, stack(0x00000006b5e00000,0x00000006b5f00000)]
  0x0000019eb841a1b0 JavaThread "JDWP Transport Listener: dt_socket" daemon [_thread_blocked, id=5348, stack(0x00000006b5f00000,0x00000006b6000000)]
  0x0000019eb83ab000 JavaThread "JDWP Event Helper Thread" daemon [_thread_blocked, id=41196, stack(0x00000006b6000000,0x00000006b6100000)]
  0x0000019eb83af630 JavaThread "JDWP Command Reader" daemon [_thread_in_native, id=9372, stack(0x00000006b6100000,0x00000006b6200000)]
  0x0000019eb83e7840 JavaThread "Notification Thread" daemon [_thread_blocked, id=34596, stack(0x00000006b6200000,0x00000006b6300000)]
  0x0000019eb8b636e0 JavaThread "Thread-0" [_thread_blocked, id=31628, stack(0x00000006b6700000,0x00000006b6800000)]
  0x0000019eb89db320 JavaThread "restartedMain" [_thread_blocked, id=23284, stack(0x00000006b6800000,0x00000006b6900000)]
  0x0000019eb7eefa40 JavaThread "Catalina-utility-1" [_thread_blocked, id=41396, stack(0x00000006b6900000,0x00000006b6a00000)]
  0x0000019eb7ef0970 JavaThread "Catalina-utility-2" [_thread_in_native, id=21272, stack(0x00000006b6a00000,0x00000006b6b00000)]
  0x0000019efeeb7690 JavaThread "container-0" [_thread_blocked, id=29240, stack(0x00000006b6b00000,0x00000006b6c00000)]
  0x0000019efeeb1b70 JavaThread "ClassGraph-worker-0" daemon [_thread_blocked, id=23536, stack(0x00000006b6c00000,0x00000006b6d00000)]
  0x0000019efeeb4e10 JavaThread "ClassGraph-worker-1" daemon [_thread_blocked, id=30336, stack(0x00000006b6d00000,0x00000006b6e00000)]
  0x0000019efeeb2aa0 JavaThread "ClassGraph-worker-2" daemon [_thread_blocked, id=41416, stack(0x00000006b6e00000,0x00000006b6f00000)]
  0x0000019efeeb39d0 JavaThread "ClassGraph-worker-3" daemon [_thread_blocked, id=36124, stack(0x00000006b6f00000,0x00000006b7000000)]
  0x0000019efeeb2fb0 JavaThread "ClassGraph-worker-4" daemon [_thread_blocked, id=41556, stack(0x00000006b7000000,0x00000006b7100000)]
  0x0000019efeeb7ba0 JavaThread "ClassGraph-worker-5" daemon [_thread_blocked, id=38324, stack(0x00000006b7100000,0x00000006b7200000)]
  0x0000019efeeb6760 JavaThread "ClassGraph-worker-6" daemon [_thread_blocked, id=19596, stack(0x00000006b7200000,0x00000006b7300000)]
  0x0000019efeeb5320 JavaThread "ClassGraph-worker-7" daemon [_thread_blocked, id=41904, stack(0x00000006b7300000,0x00000006b7400000)]

Other Threads:
  0x0000019eb7edbc20 VMThread "VM Thread" [stack: 0x00000006b5400000,0x00000006b5500000] [id=41116]
  0x0000019eb8386c20 WatcherThread [stack: 0x00000006b6300000,0x00000006b6400000] [id=40912]
  0x0000019e95a33a90 GCTaskThread "GC Thread#0" [stack: 0x00000006b4f00000,0x00000006b5000000] [id=40032]
  0x0000019eb81e9b80 GCTaskThread "GC Thread#1" [stack: 0x00000006b6400000,0x00000006b6500000] [id=28272]
  0x0000019eb87c7c80 GCTaskThread "GC Thread#2" [stack: 0x00000006b6500000,0x00000006b6600000] [id=42904]
  0x0000019eb87c7f40 GCTaskThread "GC Thread#3" [stack: 0x00000006b6600000,0x00000006b6700000] [id=28488]
  0x0000019e95a44740 ConcurrentGCThread "G1 Main Marker" [stack: 0x00000006b5000000,0x00000006b5100000] [id=41180]
  0x0000019e95a45160 ConcurrentGCThread "G1 Conc#0" [stack: 0x00000006b5100000,0x00000006b5200000] [id=42972]
  0x0000019eb7e12da0 ConcurrentGCThread "G1 Refine#0" [stack: 0x00000006b5200000,0x00000006b5300000] [id=8016]
  0x0000019eb7e137d0 ConcurrentGCThread "G1 Service" [stack: 0x00000006b5300000,0x00000006b5400000] [id=42992]

Threads with active compile tasks:
C2 CompilerThread0    20568 4314 % !   4       io.github.classgraph.ClasspathElementZip::open @ 583 (1079 bytes)

VM state: not at safepoint (normal execution)

VM Mutex/Monitor currently owned by a thread: None

Heap address: 0x0000000701a00000, size: 4070 MB, Compressed Oops mode: Zero based, Oop shift amount: 3

CDS archive(s) mapped at: [0x0000019eb9000000-0x0000019eb9bb0000-0x0000019eb9bb0000), size 12255232, SharedBaseAddress: 0x0000019eb9000000, ArchiveRelocationMode: 1.
Compressed class space mapped at: 0x0000019eba000000-0x0000019efa000000, reserved size: 1073741824
Narrow klass base: 0x0000019eb9000000, Narrow klass shift: 0, Narrow klass range: 0x100000000

GC Precious Log:
 CPUs: 4 total, 4 available
 Memory: 16272M
 Large Page Support: Disabled
 NUMA Support: Disabled
 Compressed Oops: Enabled (Zero based)
 Heap Region Size: 2M
 Heap Min Capacity: 8M
 Heap Initial Capacity: 256M
 Heap Max Capacity: 4070M
 Pre-touch: Disabled
 Parallel Workers: 4
 Concurrent Workers: 1
 Concurrent Refinement Workers: 4
 Periodic GC: Disabled

Heap:
 garbage-first heap   total 55296K, used 34063K [0x0000000701a00000, 0x0000000800000000)
  region size 2048K, 10 young (20480K), 2 survivors (4096K)
 Metaspace       used 34287K, committed 34752K, reserved 1114112K
  class space    used 4244K, committed 4416K, reserved 1048576K

Heap Regions: E=young(eden), S=young(survivor), O=old, HS=humongous(starts), HC=humongous(continues), CS=collection set, F=free, OA=open archive, CA=closed archive, TAMS=top-at-mark-start (previous, next)
|   0|0x0000000701a00000, 0x0000000701c00000, 0x0000000701c00000|100%| O|  |TAMS 0x0000000701c00000, 0x0000000701a00000| Untracked 
|   1|0x0000000701c00000, 0x0000000701e00000, 0x0000000701e00000|100%| O|  |TAMS 0x0000000701e00000, 0x0000000701c00000| Untracked 
|   2|0x0000000701e00000, 0x0000000701f43c00, 0x0000000702000000| 63%| O|  |TAMS 0x0000000701e00000, 0x0000000701e00000| Untracked 
|   3|0x0000000702000000, 0x0000000702200000, 0x0000000702200000|100%| O|  |TAMS 0x0000000702000000, 0x0000000702000000| Untracked 
|   4|0x0000000702200000, 0x0000000702400000, 0x0000000702400000|100%| O|  |TAMS 0x0000000702200000, 0x0000000702200000| Untracked 
|   5|0x0000000702400000, 0x0000000702600000, 0x0000000702600000|100%| O|  |TAMS 0x0000000702400000, 0x0000000702400000| Untracked 
|   6|0x0000000702600000, 0x0000000702800000, 0x0000000702800000|100%| O|  |TAMS 0x0000000702600000, 0x0000000702600000| Untracked 
|   7|0x0000000702800000, 0x0000000702a00000, 0x0000000702a00000|100%| O|  |TAMS 0x0000000702800000, 0x0000000702800000| Untracked 
|   8|0x0000000702a00000, 0x0000000702a00000, 0x0000000702c00000|  0%| F|  |TAMS 0x0000000702a00000, 0x0000000702a00000| Untracked 
|   9|0x0000000702c00000, 0x0000000702c00000, 0x0000000702e00000|  0%| F|  |TAMS 0x0000000702c00000, 0x0000000702c00000| Untracked 
|  10|0x0000000702e00000, 0x0000000702e00000, 0x0000000703000000|  0%| F|  |TAMS 0x0000000702e00000, 0x0000000702e00000| Untracked 
|  11|0x0000000703000000, 0x0000000703000000, 0x0000000703200000|  0%| F|  |TAMS 0x0000000703000000, 0x0000000703000000| Untracked 
|  12|0x0000000703200000, 0x0000000703200000, 0x0000000703400000|  0%| F|  |TAMS 0x0000000703200000, 0x0000000703200000| Untracked 
|  13|0x0000000703400000, 0x0000000703600000, 0x0000000703600000|100%| S|CS|TAMS 0x0000000703400000, 0x0000000703400000| Complete 
|  14|0x0000000703600000, 0x0000000703800000, 0x0000000703800000|100%| S|CS|TAMS 0x0000000703600000, 0x0000000703600000| Complete 
|  15|0x0000000703800000, 0x0000000703800000, 0x0000000703a00000|  0%| F|  |TAMS 0x0000000703800000, 0x0000000703800000| Untracked 
|  16|0x0000000703a00000, 0x0000000703a00000, 0x0000000703c00000|  0%| F|  |TAMS 0x0000000703a00000, 0x0000000703a00000| Untracked 
|  17|0x0000000703c00000, 0x0000000703c00000, 0x0000000703e00000|  0%| F|  |TAMS 0x0000000703c00000, 0x0000000703c00000| Untracked 
|  18|0x0000000703e00000, 0x0000000703e00000, 0x0000000704000000|  0%| F|  |TAMS 0x0000000703e00000, 0x0000000703e00000| Untracked 
|  19|0x0000000704000000, 0x000000070417fec0, 0x0000000704200000| 74%| E|  |TAMS 0x0000000704000000, 0x0000000704000000| Complete 
|  20|0x0000000704200000, 0x0000000704400000, 0x0000000704400000|100%| E|CS|TAMS 0x0000000704200000, 0x0000000704200000| Complete 
|  21|0x0000000704400000, 0x0000000704600000, 0x0000000704600000|100%| E|CS|TAMS 0x0000000704400000, 0x0000000704400000| Complete 
|  81|0x000000070bc00000, 0x000000070be00000, 0x000000070be00000|100%| E|CS|TAMS 0x000000070bc00000, 0x000000070bc00000| Complete 
|  82|0x000000070be00000, 0x000000070c000000, 0x000000070c000000|100%| E|CS|TAMS 0x000000070be00000, 0x000000070be00000| Complete 
|  83|0x000000070c000000, 0x000000070c200000, 0x000000070c200000|100%| E|CS|TAMS 0x000000070c000000, 0x000000070c000000| Complete 
|  84|0x000000070c200000, 0x000000070c400000, 0x000000070c400000|100%| E|CS|TAMS 0x000000070c200000, 0x000000070c200000| Complete 
| 127|0x0000000711800000, 0x0000000711a00000, 0x0000000711a00000|100%| E|CS|TAMS 0x0000000711800000, 0x0000000711800000| Complete 

Card table byte_map: [0x0000019eaccd0000,0x0000019ead4d0000] _byte_map_base: 0x0000019ea94c3000

Marking Bits (Prev, Next): (CMBitMap*) 0x0000019e95a34000, (CMBitMap*) 0x0000019e95a33fc0
 Prev Bits: [0x0000019eb1c70000, 0x0000019eb5c08000)
 Next Bits: [0x0000019eadcd0000, 0x0000019eb1c68000)

Polling page: 0x0000019e95150000

Metaspace:

Usage:
  Non-class:     29.34 MB used.
      Class:      4.15 MB used.
       Both:     33.48 MB used.

Virtual space:
  Non-class space:       64.00 MB reserved,      29.62 MB ( 46%) committed,  1 nodes.
      Class space:        1.00 GB reserved,       4.31 MB ( <1%) committed,  1 nodes.
             Both:        1.06 GB reserved,      33.94 MB (  3%) committed. 

Chunk freelists:
   Non-Class:  1.98 MB
       Class:  11.64 MB
        Both:  13.62 MB

MaxMetaspaceSize: unlimited
CompressedClassSpaceSize: 1.00 GB
Initial GC threshold: 21.00 MB
Current GC threshold: 35.12 MB
CDS: on
MetaspaceReclaimPolicy: balanced
 - commit_granule_bytes: 65536.
 - commit_granule_words: 8192.
 - virtual_space_node_default_size: 8388608.
 - enlarge_chunks_in_place: 1.
 - new_chunks_are_fully_committed: 0.
 - uncommit_free_chunks: 1.
 - use_allocation_guard: 0.
 - handle_deallocations: 1.


Internal statistics:

num_allocs_failed_limit: 3.
num_arena_births: 560.
num_arena_deaths: 0.
num_vsnodes_births: 2.
num_vsnodes_deaths: 0.
num_space_committed: 543.
num_space_uncommitted: 0.
num_chunks_returned_to_freelist: 3.
num_chunks_taken_from_freelist: 1793.
num_chunk_merges: 0.
num_chunk_splits: 1230.
num_chunks_enlarged: 924.
num_inconsistent_stats: 0.

CodeHeap 'non-profiled nmethods': size=120000Kb used=2448Kb max_used=2448Kb free=117551Kb
 bounds [0x0000019ea4fa0000, 0x0000019ea5210000, 0x0000019eac4d0000]
CodeHeap 'profiled nmethods': size=120000Kb used=9743Kb max_used=9743Kb free=110256Kb
 bounds [0x0000019e9d4d0000, 0x0000019e9de60000, 0x0000019ea4a00000]
CodeHeap 'non-nmethods': size=5760Kb used=1294Kb max_used=1376Kb free=4465Kb
 bounds [0x0000019ea4a00000, 0x0000019ea4c70000, 0x0000019ea4fa0000]
 total_blobs=4870 nmethods=4338 adapters=444
 compilation: enabled
              stopped_count=0, restarted_count=0
 full_count=0

Compilation events (20 events):
Event: 20.183 Thread 0x0000019eb7f0c0a0 4314 % !   4       io.github.classgraph.ClasspathElementZip::open @ 583 (1079 bytes)
Event: 20.186 Thread 0x0000019eb7f0ffa0 4316   !   3       java.util.zip.Inflater::needsDictionary (19 bytes)
Event: 20.187 Thread 0x0000019eb7f0ffa0 nmethod 4316 0x0000019e9de31290 code [0x0000019e9de31440, 0x0000019e9de31638]
Event: 20.192 Thread 0x0000019eb7f0ffa0 4317       3       java.io.FileDescriptor::valid (25 bytes)
Event: 20.193 Thread 0x0000019eb7f0ffa0 nmethod 4317 0x0000019e9de31710 code [0x0000019e9de318a0, 0x0000019e9de31a38]
Event: 20.193 Thread 0x0000019eb7f0ffa0 4318       3       java.net.URI::<init> (13 bytes)
Event: 20.193 Thread 0x0000019eb7f0ffa0 nmethod 4318 0x0000019e9de31b10 code [0x0000019e9de31cc0, 0x0000019e9de31e48]
Event: 20.193 Thread 0x0000019eb7f0ffa0 4319       3       java.net.URI::toString (60 bytes)
Event: 20.194 Thread 0x0000019eb7f0ffa0 nmethod 4319 0x0000019e9de31f10 code [0x0000019e9de32140, 0x0000019e9de32808]
Event: 20.194 Thread 0x0000019eb7f0ffa0 4320       3       java.net.URI::appendSchemeSpecificPart (185 bytes)
Event: 20.195 Thread 0x0000019eb7f0ffa0 nmethod 4320 0x0000019e9de32a90 code [0x0000019e9de32e00, 0x0000019e9de33fb8]
Event: 20.228 Thread 0x0000019eb7f0ffa0 4323       3       sun.nio.fs.WindowsPath::hashCode (52 bytes)
Event: 20.229 Thread 0x0000019eb7f0ffa0 nmethod 4323 0x0000019e9de34790 code [0x0000019e9de349e0, 0x0000019e9de35398]
Event: 20.238 Thread 0x0000019eb7f0ffa0 4324       3       java.util.regex.Matcher::search (154 bytes)
Event: 20.239 Thread 0x0000019eb7f0ffa0 nmethod 4324 0x0000019e9de35790 code [0x0000019e9de35960, 0x0000019e9de35ef8]
Event: 20.242 Thread 0x0000019eb7f0ffa0 4325       3       nonapi.io.github.classgraph.fileslice.reader.RandomAccessFileChannelReader::readUnsignedShort (50 bytes)
Event: 20.242 Thread 0x0000019eb7f0ffa0 nmethod 4325 0x0000019e9de36110 code [0x0000019e9de362e0, 0x0000019e9de365b8]
Event: 20.243 Thread 0x0000019eb7f0ffa0 4326       3       nonapi.io.github.classgraph.fileslice.reader.RandomAccessArrayReader::readUnsignedByte (19 bytes)
Event: 20.243 Thread 0x0000019eb7f0ffa0 nmethod 4326 0x0000019e9de36710 code [0x0000019e9de368a0, 0x0000019e9de369f8]
Event: 20.245 Thread 0x0000019eb7f0ffa0 4327 %     3       nonapi.io.github.classgraph.fastzipfilereader.LogicalZipFile::parseManifest @ 967 (1070 bytes)

GC Heap History (18 events):
Event: 11.113 GC heap before
{Heap before GC invocations=0 (full 0):
 garbage-first heap   total 262144K, used 12288K [0x0000000701a00000, 0x0000000800000000)
  region size 2048K, 6 young (12288K), 0 survivors (0K)
 Metaspace       used 2189K, committed 2304K, reserved 1114112K
  class space    used 198K, committed 256K, reserved 1048576K
}
Event: 11.117 GC heap after
{Heap after GC invocations=1 (full 0):
 garbage-first heap   total 262144K, used 4443K [0x0000000701a00000, 0x0000000800000000)
  region size 2048K, 1 young (2048K), 1 survivors (2048K)
 Metaspace       used 2189K, committed 2304K, reserved 1114112K
  class space    used 198K, committed 256K, reserved 1048576K
}
Event: 11.884 GC heap before
{Heap before GC invocations=1 (full 0):
 garbage-first heap   total 262144K, used 14683K [0x0000000701a00000, 0x0000000800000000)
  region size 2048K, 6 young (12288K), 1 survivors (2048K)
 Metaspace       used 4492K, committed 4672K, reserved 1114112K
  class space    used 496K, committed 576K, reserved 1048576K
}
Event: 11.886 GC heap after
{Heap after GC invocations=2 (full 0):
 garbage-first heap   total 262144K, used 4954K [0x0000000701a00000, 0x0000000800000000)
  region size 2048K, 1 young (2048K), 1 survivors (2048K)
 Metaspace       used 4492K, committed 4672K, reserved 1114112K
  class space    used 496K, committed 576K, reserved 1048576K
}
Event: 13.246 GC heap before
{Heap before GC invocations=2 (full 0):
 garbage-first heap   total 262144K, used 35674K [0x0000000701a00000, 0x0000000800000000)
  region size 2048K, 17 young (34816K), 1 survivors (2048K)
 Metaspace       used 10604K, committed 10816K, reserved 1114112K
  class space    used 1332K, committed 1408K, reserved 1048576K
}
Event: 13.249 GC heap after
{Heap after GC invocations=3 (full 0):
 garbage-first heap   total 262144K, used 6612K [0x0000000701a00000, 0x0000000800000000)
  region size 2048K, 2 young (4096K), 2 survivors (4096K)
 Metaspace       used 10604K, committed 10816K, reserved 1114112K
  class space    used 1332K, committed 1408K, reserved 1048576K
}
Event: 15.530 GC heap before
{Heap before GC invocations=3 (full 0):
 garbage-first heap   total 262144K, used 86484K [0x0000000701a00000, 0x0000000800000000)
  region size 2048K, 43 young (88064K), 2 survivors (4096K)
 Metaspace       used 21235K, committed 21504K, reserved 1114112K
  class space    used 2582K, committed 2688K, reserved 1048576K
}
Event: 15.537 GC heap after
{Heap after GC invocations=4 (full 0):
 garbage-first heap   total 262144K, used 10962K [0x0000000701a00000, 0x0000000800000000)
  region size 2048K, 4 young (8192K), 4 survivors (8192K)
 Metaspace       used 21235K, committed 21504K, reserved 1114112K
  class space    used 2582K, committed 2688K, reserved 1048576K
}
Event: 16.778 GC heap before
{Heap before GC invocations=5 (full 0):
 garbage-first heap   total 55296K, used 35538K [0x0000000701a00000, 0x0000000800000000)
  region size 2048K, 16 young (32768K), 4 survivors (8192K)
 Metaspace       used 25085K, committed 25472K, reserved 1114112K
  class space    used 3116K, committed 3264K, reserved 1048576K
}
Event: 16.786 GC heap after
{Heap after GC invocations=6 (full 0):
 garbage-first heap   total 55296K, used 13084K [0x0000000701a00000, 0x0000000800000000)
  region size 2048K, 2 young (4096K), 2 survivors (4096K)
 Metaspace       used 25085K, committed 25472K, reserved 1114112K
  class space    used 3116K, committed 3264K, reserved 1048576K
}
Event: 16.847 GC heap before
{Heap before GC invocations=6 (full 0):
 garbage-first heap   total 55296K, used 15132K [0x0000000701a00000, 0x0000000800000000)
  region size 2048K, 3 young (6144K), 2 survivors (4096K)
 Metaspace       used 25352K, committed 25728K, reserved 1114112K
  class space    used 3169K, committed 3328K, reserved 1048576K
}
Event: 16.851 GC heap after
{Heap after GC invocations=7 (full 0):
 garbage-first heap   total 55296K, used 13503K [0x0000000701a00000, 0x0000000800000000)
  region size 2048K, 1 young (2048K), 1 survivors (2048K)
 Metaspace       used 25352K, committed 25728K, reserved 1114112K
  class space    used 3169K, committed 3328K, reserved 1048576K
}
Event: 17.634 GC heap before
{Heap before GC invocations=7 (full 0):
 garbage-first heap   total 55296K, used 36031K [0x0000000701a00000, 0x0000000800000000)
  region size 2048K, 12 young (24576K), 1 survivors (2048K)
 Metaspace       used 29293K, committed 29760K, reserved 1114112K
  class space    used 3619K, committed 3840K, reserved 1048576K
}
Event: 17.637 GC heap after
{Heap after GC invocations=8 (full 0):
 garbage-first heap   total 55296K, used 15230K [0x0000000701a00000, 0x0000000800000000)
  region size 2048K, 2 young (4096K), 2 survivors (4096K)
 Metaspace       used 29293K, committed 29760K, reserved 1114112K
  class space    used 3619K, committed 3840K, reserved 1048576K
}
Event: 18.519 GC heap before
{Heap before GC invocations=8 (full 0):
 garbage-first heap   total 55296K, used 35710K [0x0000000701a00000, 0x0000000800000000)
  region size 2048K, 13 young (26624K), 2 survivors (4096K)
 Metaspace       used 31770K, committed 32256K, reserved 1114112K
  class space    used 3943K, committed 4160K, reserved 1048576K
}
Event: 18.525 GC heap after
{Heap after GC invocations=9 (full 0):
 garbage-first heap   total 55296K, used 17217K [0x0000000701a00000, 0x0000000800000000)
  region size 2048K, 1 young (2048K), 1 survivors (2048K)
 Metaspace       used 31770K, committed 32256K, reserved 1114112K
  class space    used 3943K, committed 4160K, reserved 1048576K
}
Event: 19.551 GC heap before
{Heap before GC invocations=9 (full 0):
 garbage-first heap   total 55296K, used 39745K [0x0000000701a00000, 0x0000000800000000)
  region size 2048K, 12 young (24576K), 1 survivors (2048K)
 Metaspace       used 34200K, committed 34624K, reserved 1114112K
  class space    used 4244K, committed 4416K, reserved 1048576K
}
Event: 19.556 GC heap after
{Heap after GC invocations=10 (full 0):
 garbage-first heap   total 55296K, used 19727K [0x0000000701a00000, 0x0000000800000000)
  region size 2048K, 2 young (4096K), 2 survivors (4096K)
 Metaspace       used 34200K, committed 34624K, reserved 1114112K
  class space    used 4244K, committed 4416K, reserved 1048576K
}

Dll operation events (11 events):
Event: 0.262 Loaded shared library C:\Program Files\Amazon Corretto\jdk17.0.14_7\bin\java.dll
Event: 0.298 Loaded shared library C:\Program Files\Amazon Corretto\jdk17.0.14_7\bin\zip.dll
Event: 0.392 Loaded shared library C:\Program Files\Amazon Corretto\jdk17.0.14_7\bin\jsvml.dll
Event: 0.939 Loaded shared library C:\Program Files\Amazon Corretto\jdk17.0.14_7\bin\instrument.dll
Event: 1.078 Loaded shared library C:\Program Files\Amazon Corretto\jdk17.0.14_7\bin\net.dll
Event: 1.099 Loaded shared library C:\Program Files\Amazon Corretto\jdk17.0.14_7\bin\nio.dll
Event: 1.290 Loaded shared library C:\Program Files\Amazon Corretto\jdk17.0.14_7\bin\zip.dll
Event: 10.357 Loaded shared library C:\Program Files\Amazon Corretto\jdk17.0.14_7\bin\jimage.dll
Event: 11.632 Loaded shared library C:\Program Files\Amazon Corretto\jdk17.0.14_7\bin\management.dll
Event: 11.815 Loaded shared library C:\Program Files\Amazon Corretto\jdk17.0.14_7\bin\management_ext.dll
Event: 17.303 Loaded shared library C:\Program Files\Amazon Corretto\jdk17.0.14_7\bin\sunmscapi.dll

Deoptimization events (20 events):
Event: 20.037 Thread 0x0000019efeeb1b70 DEOPT PACKING pc=0x0000019e9dde23a4 sp=0x00000006b6cfe3a0
Event: 20.037 Thread 0x0000019efeeb1b70 DEOPT UNPACKING pc=0x0000019ea4a57143 sp=0x00000006b6cfd8c8 mode 0
Event: 20.040 Thread 0x0000019efeeb1b70 Uncommon trap: trap_request=0xffffffbe fr.pc=0x0000019ea51f5fc0 relative=0x00000000000002a0
Event: 20.040 Thread 0x0000019efeeb1b70 Uncommon trap: reason=profile_predicate action=maybe_recompile pc=0x0000019ea51f5fc0 method=nonapi.io.github.classgraph.utils.FileUtils.sanitizeEntryPath(Ljava/lang/String;ZZ)Ljava/lang/String; @ 53 c2
Event: 20.040 Thread 0x0000019efeeb1b70 DEOPT PACKING pc=0x0000019ea51f5fc0 sp=0x00000006b6cfe780
Event: 20.040 Thread 0x0000019efeeb1b70 DEOPT UNPACKING pc=0x0000019ea4a569a3 sp=0x00000006b6cfe6e0 mode 2
Event: 20.040 Thread 0x0000019efeeb1b70 Uncommon trap: trap_request=0xffffffbe fr.pc=0x0000019ea51f5fc0 relative=0x00000000000002a0
Event: 20.040 Thread 0x0000019efeeb1b70 Uncommon trap: reason=profile_predicate action=maybe_recompile pc=0x0000019ea51f5fc0 method=nonapi.io.github.classgraph.utils.FileUtils.sanitizeEntryPath(Ljava/lang/String;ZZ)Ljava/lang/String; @ 53 c2
Event: 20.040 Thread 0x0000019efeeb1b70 DEOPT PACKING pc=0x0000019ea51f5fc0 sp=0x00000006b6cfe4c0
Event: 20.040 Thread 0x0000019efeeb1b70 DEOPT UNPACKING pc=0x0000019ea4a569a3 sp=0x00000006b6cfe420 mode 2
Event: 20.042 Thread 0x0000019efeeb1b70 Uncommon trap: trap_request=0xffffffbe fr.pc=0x0000019ea51f5fc0 relative=0x00000000000002a0
Event: 20.042 Thread 0x0000019efeeb1b70 Uncommon trap: reason=profile_predicate action=maybe_recompile pc=0x0000019ea51f5fc0 method=nonapi.io.github.classgraph.utils.FileUtils.sanitizeEntryPath(Ljava/lang/String;ZZ)Ljava/lang/String; @ 53 c2
Event: 20.042 Thread 0x0000019efeeb1b70 DEOPT PACKING pc=0x0000019ea51f5fc0 sp=0x00000006b6cfe240
Event: 20.042 Thread 0x0000019efeeb1b70 DEOPT UNPACKING pc=0x0000019ea4a569a3 sp=0x00000006b6cfe1a0 mode 2
Event: 20.044 Thread 0x0000019efeeb1b70 Uncommon trap: trap_request=0xffffffbe fr.pc=0x0000019ea51f5fc0 relative=0x00000000000002a0
Event: 20.044 Thread 0x0000019efeeb1b70 Uncommon trap: reason=profile_predicate action=maybe_recompile pc=0x0000019ea51f5fc0 method=nonapi.io.github.classgraph.utils.FileUtils.sanitizeEntryPath(Ljava/lang/String;ZZ)Ljava/lang/String; @ 53 c2
Event: 20.044 Thread 0x0000019efeeb1b70 DEOPT PACKING pc=0x0000019ea51f5fc0 sp=0x00000006b6cfe2e0
Event: 20.044 Thread 0x0000019efeeb1b70 DEOPT UNPACKING pc=0x0000019ea4a569a3 sp=0x00000006b6cfe258 mode 2
Event: 20.238 Thread 0x0000019efeeb4e10 DEOPT PACKING pc=0x0000019e9ddc28da sp=0x00000006b6dfe700
Event: 20.238 Thread 0x0000019efeeb4e10 DEOPT UNPACKING pc=0x0000019ea4a57143 sp=0x00000006b6dfdba0 mode 0

Classes loaded (20 events):
Event: 19.358 Loading class nonapi/io/github/classgraph/fileslice/reader/RandomAccessFileChannelReader
Event: 19.358 Loading class nonapi/io/github/classgraph/fileslice/reader/RandomAccessFileChannelReader done
Event: 19.360 Loading class java/nio/channels/spi/AbstractInterruptibleChannel$1
Event: 19.385 Loading class sun/nio/ch/Interruptible
Event: 19.386 Loading class sun/nio/ch/Interruptible done
Event: 19.386 Loading class java/nio/channels/spi/AbstractInterruptibleChannel$1 done
Event: 19.390 Loading class nonapi/io/github/classgraph/fileslice/reader/RandomAccessArrayReader
Event: 19.390 Loading class nonapi/io/github/classgraph/fileslice/reader/RandomAccessArrayReader done
Event: 19.390 Loading class java/nio/ReadOnlyBufferException
Event: 19.391 Loading class java/nio/ReadOnlyBufferException done
Event: 19.391 Loading class nonapi/io/github/classgraph/utils/StringUtils
Event: 19.391 Loading class nonapi/io/github/classgraph/utils/StringUtils done
Event: 19.392 Loading class nonapi/io/github/classgraph/fastzipfilereader/FastZipEntry
Event: 19.392 Loading class nonapi/io/github/classgraph/fastzipfilereader/FastZipEntry done
Event: 19.398 Loading class java/util/zip/DataFormatException
Event: 19.399 Loading class java/util/zip/DataFormatException done
Event: 19.399 Loading class nonapi/io/github/classgraph/fastzipfilereader/NestedJarHandler$RecyclableInflater
Event: 19.399 Loading class nonapi/io/github/classgraph/fastzipfilereader/NestedJarHandler$RecyclableInflater done
Event: 19.400 Loading class nonapi/io/github/classgraph/recycler/Resettable
Event: 19.400 Loading class nonapi/io/github/classgraph/recycler/Resettable done

Classes unloaded (0 events):
No events

Classes redefined (0 events):
No events

Internal exceptions (20 events):
Event: 19.583 Thread 0x0000019efeeb4e10 Exception <a 'sun/nio/fs/WindowsException'{0x0000000711875730}> (0x0000000711875730) 
thrown [s\src\hotspot\share\prims\jni.cpp, line 516]
Event: 19.584 Thread 0x0000019efeeb4e10 Exception <a 'sun/nio/fs/WindowsException'{0x0000000711875c00}> (0x0000000711875c00) 
thrown [s\src\hotspot\share\prims\jni.cpp, line 516]
Event: 19.588 Thread 0x0000019efeeb1b70 Exception <a 'sun/nio/fs/WindowsException'{0x0000000711863508}> (0x0000000711863508) 
thrown [s\src\hotspot\share\prims\jni.cpp, line 516]
Event: 19.588 Thread 0x0000019efeeb1b70 Exception <a 'sun/nio/fs/WindowsException'{0x00000007118639c8}> (0x00000007118639c8) 
thrown [s\src\hotspot\share\prims\jni.cpp, line 516]
Event: 19.590 Thread 0x0000019efeeb4e10 Exception <a 'sun/nio/fs/WindowsException'{0x00000007118766e8}> (0x00000007118766e8) 
thrown [s\src\hotspot\share\prims\jni.cpp, line 516]
Event: 19.590 Thread 0x0000019efeeb4e10 Exception <a 'sun/nio/fs/WindowsException'{0x0000000711876b88}> (0x0000000711876b88) 
thrown [s\src\hotspot\share\prims\jni.cpp, line 516]
Event: 19.600 Thread 0x0000019efeeb4e10 Exception <a 'sun/nio/fs/WindowsException'{0x0000000711877638}> (0x0000000711877638) 
thrown [s\src\hotspot\share\prims\jni.cpp, line 516]
Event: 19.600 Thread 0x0000019efeeb4e10 Exception <a 'sun/nio/fs/WindowsException'{0x0000000711877aa0}> (0x0000000711877aa0) 
thrown [s\src\hotspot\share\prims\jni.cpp, line 516]
Event: 19.871 Thread 0x0000019efeeb4e10 Exception <a 'sun/nio/fs/WindowsException'{0x0000000711878560}> (0x0000000711878560) 
thrown [s\src\hotspot\share\prims\jni.cpp, line 516]
Event: 19.873 Thread 0x0000019efeeb4e10 Exception <a 'sun/nio/fs/WindowsException'{0x00000007118789e0}> (0x00000007118789e0) 
thrown [s\src\hotspot\share\prims\jni.cpp, line 516]
Event: 19.877 Thread 0x0000019efeeb4e10 Exception <a 'sun/nio/fs/WindowsException'{0x00000007118794a0}> (0x00000007118794a0) 
thrown [s\src\hotspot\share\prims\jni.cpp, line 516]
Event: 19.878 Thread 0x0000019efeeb4e10 Exception <a 'sun/nio/fs/WindowsException'{0x0000000711879910}> (0x0000000711879910) 
thrown [s\src\hotspot\share\prims\jni.cpp, line 516]
Event: 19.881 Thread 0x0000019efeeb4e10 Exception <a 'sun/nio/fs/WindowsException'{0x000000071187a3d0}> (0x000000071187a3d0) 
thrown [s\src\hotspot\share\prims\jni.cpp, line 516]
Event: 19.883 Thread 0x0000019efeeb4e10 Exception <a 'sun/nio/fs/WindowsException'{0x000000071187a850}> (0x000000071187a850) 
thrown [s\src\hotspot\share\prims\jni.cpp, line 516]
Event: 19.906 Thread 0x0000019efeeb4e10 Exception <a 'sun/nio/fs/WindowsException'{0x000000071187b338}> (0x000000071187b338) 
thrown [s\src\hotspot\share\prims\jni.cpp, line 516]
Event: 19.907 Thread 0x0000019efeeb4e10 Exception <a 'sun/nio/fs/WindowsException'{0x000000071187b7d8}> (0x000000071187b7d8) 
thrown [s\src\hotspot\share\prims\jni.cpp, line 516]
Event: 19.910 Thread 0x0000019efeeb4e10 Exception <a 'sun/nio/fs/WindowsException'{0x000000071187c2d0}> (0x000000071187c2d0) 
thrown [s\src\hotspot\share\prims\jni.cpp, line 516]
Event: 19.910 Thread 0x0000019efeeb4e10 Exception <a 'sun/nio/fs/WindowsException'{0x000000071187c780}> (0x000000071187c780) 
thrown [s\src\hotspot\share\prims\jni.cpp, line 516]
Event: 19.917 Thread 0x0000019efeeb4e10 Exception <a 'sun/nio/fs/WindowsException'{0x000000071187d268}> (0x000000071187d268) 
thrown [s\src\hotspot\share\prims\jni.cpp, line 516]
Event: 19.917 Thread 0x0000019efeeb4e10 Exception <a 'sun/nio/fs/WindowsException'{0x000000071187d718}> (0x000000071187d718) 
thrown [s\src\hotspot\share\prims\jni.cpp, line 516]

VM Operations (20 events):
Event: 17.642 Executing VM operation: HandshakeAllThreads
Event: 17.642 Executing VM operation: HandshakeAllThreads done
Event: 17.920 Executing VM operation: ChangeBreakpoints
Event: 17.954 Executing VM operation: ChangeBreakpoints done
Event: 18.183 Executing VM operation: HandshakeAllThreads
Event: 18.249 Executing VM operation: HandshakeAllThreads done
Event: 18.515 Executing VM operation: HandshakeAllThreads
Event: 18.515 Executing VM operation: HandshakeAllThreads done
Event: 18.519 Executing VM operation: G1CollectForAllocation
Event: 18.525 Executing VM operation: G1CollectForAllocation done
Event: 18.621 Executing VM operation: HandshakeAllThreads
Event: 18.621 Executing VM operation: HandshakeAllThreads done
Event: 18.682 Executing VM operation: HandshakeAllThreads
Event: 18.696 Executing VM operation: HandshakeAllThreads done
Event: 18.711 Executing VM operation: HandshakeAllThreads
Event: 18.711 Executing VM operation: HandshakeAllThreads done
Event: 18.885 Executing VM operation: HandshakeAllThreads
Event: 18.885 Executing VM operation: HandshakeAllThreads done
Event: 19.537 Executing VM operation: G1CollectForAllocation
Event: 19.556 Executing VM operation: G1CollectForAllocation done

Memory protections (0 events):
No events

Nmethod flushes (0 events):
No events

Events (20 events):
Event: 0.806 Thread 0x0000019e959c7a00 Thread added: 0x0000019eb83ab000
Event: 0.806 Thread 0x0000019eb841a1b0 Thread added: 0x0000019eb83af630
Event: 0.993 Thread 0x0000019e959c7a00 Thread added: 0x0000019eb83e7840
Event: 11.910 Thread 0x0000019e959c7a00 Thread added: 0x0000019eb8b636e0
Event: 11.924 Thread 0x0000019eb8b636e0 Thread added: 0x0000019eb89db320
Event: 13.107 Thread 0x0000019eb89db320 Thread added: 0x0000019efe3b6730
Event: 13.821 Thread 0x0000019efe3b6730 Thread exited: 0x0000019efe3b6730
Event: 13.971 Thread 0x0000019eb89db320 Thread added: 0x0000019eb7ef0460
Event: 14.114 Thread 0x0000019eb7ef0460 Thread exited: 0x0000019eb7ef0460
Event: 17.655 Thread 0x0000019eb89db320 Thread added: 0x0000019eb7eefa40
Event: 17.659 Thread 0x0000019eb89db320 Thread added: 0x0000019eb7ef0970
Event: 17.664 Thread 0x0000019eb89db320 Thread added: 0x0000019efeeb7690
Event: 19.139 Thread 0x0000019eb89db320 Thread added: 0x0000019efeeb1b70
Event: 19.176 Thread 0x0000019efeeb1b70 Thread added: 0x0000019efeeb4e10
Event: 19.177 Thread 0x0000019efeeb1b70 Thread added: 0x0000019efeeb2aa0
Event: 19.177 Thread 0x0000019efeeb1b70 Thread added: 0x0000019efeeb39d0
Event: 19.177 Thread 0x0000019efeeb1b70 Thread added: 0x0000019efeeb2fb0
Event: 19.177 Thread 0x0000019efeeb1b70 Thread added: 0x0000019efeeb7ba0
Event: 19.177 Thread 0x0000019efeeb1b70 Thread added: 0x0000019efeeb6760
Event: 19.177 Thread 0x0000019efeeb1b70 Thread added: 0x0000019efeeb5320


Dynamic libraries:
0x00007ff750ec0000 - 0x00007ff750ece000 	C:\Program Files\Amazon Corretto\jdk17.0.14_7\bin\java.exe
0x00007ffa65d30000 - 0x00007ffa65f28000 	C:\WINDOWS\SYSTEM32\ntdll.dll
0x00007ffa63e50000 - 0x00007ffa63f0f000 	C:\WINDOWS\System32\KERNEL32.DLL
0x00007ffa63610000 - 0x00007ffa63906000 	C:\WINDOWS\System32\KERNELBASE.dll
0x00007ffa63a80000 - 0x00007ffa63b80000 	C:\WINDOWS\System32\ucrtbase.dll
0x00007ffa5b630000 - 0x00007ffa5b647000 	C:\Program Files\Amazon Corretto\jdk17.0.14_7\bin\jli.dll
0x00007ffa65680000 - 0x00007ffa6581d000 	C:\WINDOWS\System32\USER32.dll
0x00007ffa63a50000 - 0x00007ffa63a72000 	C:\WINDOWS\System32\win32u.dll
0x00007ffa65c50000 - 0x00007ffa65c7c000 	C:\WINDOWS\System32\GDI32.dll
0x00007ffa63c70000 - 0x00007ffa63d85000 	C:\WINDOWS\System32\gdi32full.dll
0x00007ffa63b80000 - 0x00007ffa63c1d000 	C:\WINDOWS\System32\msvcp_win.dll
0x00007ffa28790000 - 0x00007ffa287ab000 	C:\Program Files\Amazon Corretto\jdk17.0.14_7\bin\VCRUNTIME140.dll
0x00007ffa349f0000 - 0x00007ffa34c8a000 	C:\WINDOWS\WinSxS\amd64_microsoft.windows.common-controls_6595b64144ccf1df_6.0.19041.1110_none_60b5254171f9507e\COMCTL32.dll
0x00007ffa64f10000 - 0x00007ffa64fae000 	C:\WINDOWS\System32\msvcrt.dll
0x00007ffa64bb0000 - 0x00007ffa64be0000 	C:\WINDOWS\System32\IMM32.DLL
0x00007ffa36f70000 - 0x00007ffa370d2000 	c:\Program Files\NDDigital\nddPrint\Agent\nddPrint.Agent.SpoolMonitor64.dll
0x00007ffa64380000 - 0x00007ffa6442f000 	C:\WINDOWS\System32\ADVAPI32.dll
0x00007ffa654b0000 - 0x00007ffa6554c000 	C:\WINDOWS\System32\sechost.dll
0x00007ffa650d0000 - 0x00007ffa651f6000 	C:\WINDOWS\System32\RPCRT4.dll
0x00007ffa65c80000 - 0x00007ffa65ceb000 	C:\WINDOWS\System32\WS2_32.dll
0x00007ffa56bc0000 - 0x00007ffa56c58000 	C:\WINDOWS\SYSTEM32\WINSPOOL.DRV
0x00007ffa58950000 - 0x00007ffa5895c000 	C:\WINDOWS\SYSTEM32\Secur32.dll
0x00007ffa63300000 - 0x00007ffa63332000 	C:\WINDOWS\SYSTEM32\SSPICLI.DLL
0x00007ffa624f0000 - 0x00007ffa62523000 	C:\WINDOWS\SYSTEM32\ntmarta.dll
0x00007ffa35260000 - 0x00007ffa3526c000 	C:\Program Files\Amazon Corretto\jdk17.0.14_7\bin\vcruntime140_1.dll
0x00007ffa11750000 - 0x00007ffa117dd000 	C:\Program Files\Amazon Corretto\jdk17.0.14_7\bin\msvcp140.dll
0x00007ff9da5a0000 - 0x00007ff9db20c000 	C:\Program Files\Amazon Corretto\jdk17.0.14_7\bin\server\jvm.dll
0x00007ffa62db0000 - 0x00007ffa62dfb000 	C:\WINDOWS\SYSTEM32\POWRPROF.dll
0x00007ffa50220000 - 0x00007ffa50247000 	C:\WINDOWS\SYSTEM32\WINMM.dll
0x00007ffa5be90000 - 0x00007ffa5be9a000 	C:\WINDOWS\SYSTEM32\VERSION.dll
0x00007ffa62d50000 - 0x00007ffa62d62000 	C:\WINDOWS\SYSTEM32\UMPDC.dll
0x00007ffa61ec0000 - 0x00007ffa61ed2000 	C:\WINDOWS\SYSTEM32\kernel.appcore.dll
0x00007ffa35190000 - 0x00007ffa3519a000 	C:\Program Files\Amazon Corretto\jdk17.0.14_7\bin\jimage.dll
0x00007ffa5bfa0000 - 0x00007ffa5c184000 	C:\WINDOWS\SYSTEM32\DBGHELP.DLL
0x00007ffa5bf60000 - 0x00007ffa5bf94000 	C:\WINDOWS\SYSTEM32\dbgcore.DLL
0x0000019e950c0000 - 0x0000019e95142000 	C:\WINDOWS\System32\bcryptPrimitives.dll
0x00007ffa23030000 - 0x00007ffa2306b000 	C:\Program Files\Amazon Corretto\jdk17.0.14_7\bin\jdwp.dll
0x00007ffa5e690000 - 0x00007ffa5e69e000 	C:\Program Files\Amazon Corretto\jdk17.0.14_7\bin\instrument.dll
0x00007ffa23000000 - 0x00007ffa23025000 	C:\Program Files\Amazon Corretto\jdk17.0.14_7\bin\java.dll
0x00007ffa27b70000 - 0x00007ffa27b88000 	C:\Program Files\Amazon Corretto\jdk17.0.14_7\bin\zip.dll
0x00007ff9fbc90000 - 0x00007ff9fbd67000 	C:\Program Files\Amazon Corretto\jdk17.0.14_7\bin\jsvml.dll
0x00007ffa64460000 - 0x00007ffa64ba4000 	C:\WINDOWS\System32\SHELL32.dll
0x00007ffa61290000 - 0x00007ffa61a23000 	C:\WINDOWS\SYSTEM32\windows.storage.dll
0x00007ffa65820000 - 0x00007ffa65b74000 	C:\WINDOWS\System32\combase.dll
0x00007ffa62d20000 - 0x00007ffa62d4e000 	C:\WINDOWS\SYSTEM32\Wldp.dll
0x00007ffa64e60000 - 0x00007ffa64f0d000 	C:\WINDOWS\System32\SHCORE.dll
0x00007ffa64e00000 - 0x00007ffa64e55000 	C:\WINDOWS\System32\shlwapi.dll
0x00007ffa63350000 - 0x00007ffa6336f000 	C:\WINDOWS\SYSTEM32\profapi.dll
0x00007ffa5ce90000 - 0x00007ffa5ce9c000 	C:\Program Files\Amazon Corretto\jdk17.0.14_7\bin\dt_socket.dll
0x00007ffa627a0000 - 0x00007ffa627dc000 	C:\WINDOWS\SYSTEM32\IPHLPAPI.DLL
0x00007ffa62a90000 - 0x00007ffa62afa000 	C:\WINDOWS\system32\mswsock.dll
0x00007ffa286f0000 - 0x00007ffa28709000 	C:\Program Files\Amazon Corretto\jdk17.0.14_7\bin\net.dll
0x00007ffa5f5a0000 - 0x00007ffa5f6aa000 	C:\WINDOWS\SYSTEM32\WINHTTP.dll
0x00007ffa27cb0000 - 0x00007ffa27cc6000 	C:\Program Files\Amazon Corretto\jdk17.0.14_7\bin\nio.dll
0x00007ffa35030000 - 0x00007ffa35039000 	C:\Program Files\Amazon Corretto\jdk17.0.14_7\bin\management.dll
0x00007ffa30d90000 - 0x00007ffa30d9b000 	C:\Program Files\Amazon Corretto\jdk17.0.14_7\bin\management_ext.dll
0x00007ffa65290000 - 0x00007ffa65298000 	C:\WINDOWS\System32\PSAPI.DLL
0x00007ffa630d0000 - 0x00007ffa630e8000 	C:\WINDOWS\SYSTEM32\CRYPTSP.dll
0x00007ffa623d0000 - 0x00007ffa62404000 	C:\WINDOWS\system32\rsaenh.dll
0x00007ffa635e0000 - 0x00007ffa63607000 	C:\WINDOWS\System32\bcrypt.dll
0x00007ffa632d0000 - 0x00007ffa632fe000 	C:\WINDOWS\SYSTEM32\USERENV.dll
0x00007ffa62c90000 - 0x00007ffa62c9c000 	C:\WINDOWS\SYSTEM32\CRYPTBASE.dll
0x00007ffa64430000 - 0x00007ffa64438000 	C:\WINDOWS\System32\NSI.dll
0x00007ffa5e1d0000 - 0x00007ffa5e1e7000 	C:\WINDOWS\SYSTEM32\dhcpcsvc6.DLL
0x00007ffa5e1b0000 - 0x00007ffa5e1cd000 	C:\WINDOWS\SYSTEM32\dhcpcsvc.DLL
0x00007ffa627e0000 - 0x00007ffa628ab000 	C:\WINDOWS\SYSTEM32\DNSAPI.dll
0x00007ffa2f040000 - 0x00007ffa2f04e000 	C:\Program Files\Amazon Corretto\jdk17.0.14_7\bin\sunmscapi.dll
0x00007ffa63480000 - 0x00007ffa635de000 	C:\WINDOWS\System32\CRYPT32.dll
0x00007ffa62e00000 - 0x00007ffa62e28000 	C:\WINDOWS\SYSTEM32\ncrypt.dll
0x00007ffa62d70000 - 0x00007ffa62dab000 	C:\WINDOWS\SYSTEM32\NTASN1.dll

dbghelp: loaded successfully - version: 4.0.5 - missing functions: none
symbol engine: initialized successfully - sym options: 0x614 - pdb path: .;C:\Program Files\Amazon Corretto\jdk17.0.14_7\bin;C:\WINDOWS\SYSTEM32;C:\WINDOWS\WinSxS\amd64_microsoft.windows.common-controls_6595b64144ccf1df_6.0.19041.1110_none_60b5254171f9507e;c:\Program Files\NDDigital\nddPrint\Agent;C:\Program Files\Amazon Corretto\jdk17.0.14_7\bin\server

VM Arguments:
jvm_args: -Ddebugger.agent.enable.coroutines=true -Dkotlinx.coroutines.debug.enable.creation.stack.trace=false -agentlib:jdwp=transport=dt_socket,server=n,suspend=y,address=127.0.0.1:56818 -javaagent:C:\Users\fernando.santos\AppData\Local\JetBrains\IdeaIC2024.2\captureAgent\debugger-agent.jar=file:/C:/Users/fernando.santos/AppData/Local/Temp/capture.props -Dfile.encoding=UTF-8 -Duser.country=BR -Duser.language=pt -Duser.variant 
java_command: br.com.microservices.listenerMongoDB.orderservice.OrderServiceApplication
java_class_path (initial): C:\ProjetosJava\Arquitetura de Microserviços padrao Saga orquestrado Kafka\Listener Kafka MongoDB\order-service\build\classes\java\main;C:\ProjetosJava\Arquitetura de Microserviços padrao Saga orquestrado Kafka\Listener Kafka MongoDB\order-service\build\resources\main;C:\Users\fernando.santos\.gradle\caches\modules-2\files-2.1\org.springframework.boot\spring-boot-devtools\3.1.2\e01d700e98cf7393c80efc44357416ba90c56332\spring-boot-devtools-3.1.2.jar;C:\Users\fernando.santos\.gradle\caches\modules-2\files-2.1\org.springframework.boot\spring-boot-starter-data-mongodb\3.1.2\c4e923e2b88be21eb589947b7fee5eb265cd225c\spring-boot-starter-data-mongodb-3.1.2.jar;C:\Users\fernando.santos\.gradle\caches\modules-2\files-2.1\org.springframework.boot\spring-boot-starter-web\3.1.2\30b824817e764a5a5a1e9fb46e7ace40bcfa3185\spring-boot-starter-web-3.1.2.jar;C:\Users\fernando.santos\.gradle\caches\modules-2\files-2.1\org.springframework.kafka\spring-kafka\3.0.9\10579032d2376e43e89d164eaf44794ed2f2fb79\spring-kafka-3.0.9.jar;C:\Users\fernando.santos\.gradle\caches\modules-2\files-2.1\org.springdoc\springdoc-openapi-starter-webmvc-ui\2.0.4\975455ed2fb5e518331ae11dacf5e9d36ca17553\springdoc-openapi-starter-webmvc-ui-2.0.4.jar;C:\Users\fernando.santos\.gradle\caches\modules-2\files-2.1\org.springframework.boot\spring-boot-starter-json\3.1.2\c48d521879dbbcebe1a99f47257612968e022f5b\spring-boot-starter-json-3.1.2.jar;C:\Users\fernando.santos\.gradle\caches\modules-2\files-2.1\org.springframework.boot\spring-boot-starter\3.1.2\c09a48df6fbc2b07b7aef1256b45260a3478b49f\spring-boot-starter-3.1.2.jar;C:\Users\fernando.santos\.gradle\caches\modules-2\files-2.1\org.springdoc\springdoc-openapi-starter-webmvc-api\2.0.4\ac649fe3103e0159226dca0c2a570a325a26391f\springdoc-openapi-starter-webmvc-api-2.0.4.jar;C:\Users\fernando.santos\.gradle\caches\modules-2\files-2.1\org.springdoc\springdoc-openapi-starter-common\2.0.4\82ef6dfd8c3343316a31881d7320b8d49ffd5bc8\springdoc-opena
Launcher Type: SUN_STANDARD

[Global flags]
     intx CICompilerCount                          = 3                                         {product} {ergonomic}
     uint ConcGCThreads                            = 1                                         {product} {ergonomic}
     uint G1ConcRefinementThreads                  = 4                                         {product} {ergonomic}
   size_t G1HeapRegionSize                         = 2097152                                   {product} {ergonomic}
    uintx GCDrainStackTargetSize                   = 64                                        {product} {ergonomic}
   size_t InitialHeapSize                          = 268435456                                 {product} {ergonomic}
   size_t MarkStackSize                            = 4194304                                   {product} {ergonomic}
   size_t MaxHeapSize                              = 4267704320                                {product} {ergonomic}
   size_t MaxNewSize                               = 2560622592                                {product} {ergonomic}
   size_t MinHeapDeltaBytes                        = 2097152                                   {product} {ergonomic}
   size_t MinHeapSize                              = 8388608                                   {product} {ergonomic}
    uintx NonNMethodCodeHeapSize                   = 5832780                                {pd product} {ergonomic}
    uintx NonProfiledCodeHeapSize                  = 122912730                              {pd product} {ergonomic}
    uintx ProfiledCodeHeapSize                     = 122912730                              {pd product} {ergonomic}
    uintx ReservedCodeCacheSize                    = 251658240                              {pd product} {ergonomic}
     bool SegmentedCodeCache                       = true                                      {product} {ergonomic}
   size_t SoftMaxHeapSize                          = 4267704320                             {manageable} {ergonomic}
     bool UseCompressedClassPointers               = true                           {product lp64_product} {ergonomic}
     bool UseCompressedOops                        = true                           {product lp64_product} {ergonomic}
     bool UseG1GC                                  = true                                      {product} {ergonomic}
     bool UseLargePagesIndividualAllocation        = false                                  {pd product} {ergonomic}

Logging:
Log output configuration:
 #0: stdout all=warning uptime,level,tags
 #1: stderr all=off uptime,level,tags

Environment Variables:
JAVA_HOME=C:\Program Files\Amazon Corretto\jdk17.0.14_7
PATH=C:\Program Files (x86)\Common Files\Oracle\Java\java8path;C:\Program Files (x86)\Common Files\Oracle\Java\javapath;C:\Program Files\Amazon Corretto\jdk17.0.14_7\bin;C:\oracle\product\12.2.0\client_2;C:\oracle\product\12.2.0\client_2\bin;C:\Program Files\Oracle Client for Microsoft Tools\;C:\Program Files\Amazon Corretto\jdk17.0.14_7\bin;C:\Servers\apache-maven-3.5.3\bin;C:\oracle\product\11.2.0\client_1;C:\oracle\product\11.2.0\client_1\bin;c:\Program Files (x86)\CA\SC\CAWIN\;C:\WINDOWS\system32;C:\WINDOWS;C:\WINDOWS\System32\Wbem;C:\WINDOWS\System32\WindowsPowerShell\v1.0\;C:\WINDOWS\System32\OpenSSH\;C:\orant\BIN;c:\Program Files (x86)\CA\SC\Csam\SockAdapter\bin;c:\Program Files (x86)\CA\SC\Csam\SockAdapter\bin64;c:\Program Files (x86)\CA\DSM\bin;c:\Program Files (x86)\CA\SC\CBB\;c:\PROGRA~2\CA\SC\CAM\bin;C:\Program Files\Git\cmd;C:\Program Files (x86)\Microsoft SQL Server\Client SDK\ODBC\130\Tools\Binn\;C:\Program Files (x86)\Microsoft SQL Server\140\Tools\Binn\;C:\Program Files (x86)\Microsoft SQL Server\140\DTS\Binn\;C:\Program Files (x86)\Microsoft SQL Server\140\Tools\Binn\ManagementStudio\;C:\Program Files\nodejs\;C:\Program Files\PuTTY\;C:\Program Files\Microsoft SQL Server\130\Tools\Binn\;C:\Program Files\MySQL\MySQL Server 8.0\bin;C:\Program Files\PowerShell\7\;C:\Program Files\Docker\Docker\resources\bin;C:\Servers\gradle-8.13\bin;C:\Users\fernando.santos\AppData\Local\Programs\Python\Python310\Scripts\;C:\Users\fernando.santos\AppData\Local\Programs\Python\Python310\;C:\Program Files\MySQL\MySQL Shell 8.0\bin\;C:\Users\fernando.santos\AppData\Local\Microsoft\WindowsApps;;C:\Users\fernando.santos\AppData\Local\Programs\Microsoft VS Code\bin;C:\Users\fernando.santos\AppData\Roaming\npm;%IntelliJ IDEA%;C:\Program Files\JetBrains\IntelliJ IDEA Community Edition 2024.2.4\bin;
USERNAME=fernando.santos
OS=Windows_NT
PROCESSOR_IDENTIFIER=Intel64 Family 6 Model 158 Stepping 9, GenuineIntel
TMP=C:\Users\FERNAN~1.SAN\AppData\Local\Temp
TEMP=C:\Users\FERNAN~1.SAN\AppData\Local\Temp



Periodic native trim disabled


---------------  S Y S T E M  ---------------

OS:
 Windows 10 , 64 bit Build 19041 (10.0.19041.2913)
OS uptime: 34 days 3:38 hours
Hyper-V role detected

CPU: total 4 (initial active 4) (4 cores per cpu, 1 threads per core) family 6 model 158 stepping 9 microcode 0xb4, cx8, cmov, fxsr, mmx, 3dnowpref, sse, sse2, sse3, ssse3, sse4.1, sse4.2, popcnt, lzcnt, tsc, tscinvbit, avx, avx2, aes, erms, clmul, bmi1, bmi2, adx, fma, vzeroupper, clflush, clflushopt, hv
Processor Information for all 4 processors :
  Max Mhz: 2400, Current Mhz: 2400, Mhz Limit: 2400

Memory: 4k page, system-wide physical 16272M (43M free)
TotalPageFile size 44820M (AvailPageFile size 2M)
current process WorkingSet (physical memory assigned to process): 183M, peak: 191M
current process commit charge ("private bytes"): 218M, peak: 395M

vm_info: OpenJDK 64-Bit Server VM (17.0.14+7-LTS) for windows-amd64 JRE (17.0.14+7-LTS), built on Jan  7 2025 20:14:24 by "Administrator" with MS VC++ 16.10 / 16.11 (VS2019)

END.
